<?xml version="1.0" encoding="UTF-8"?>
<testsuite xmlns:xsi="http://www.w3.org/2001/XMLSchema-instance" xsi:noNamespaceSchemaLocation="https://maven.apache.org/surefire/maven-surefire-plugin/xsd/surefire-test-report-3.0.xsd" version="3.0" name="TestSuite" time="92.188" tests="8" errors="0" skipped="0" failures="2">
  <properties>
[...]
</properties>
  <testcase name="User_01_Register[public void com.nopcommerce.account.Level_18_ExtentReportV5.User_01_Register(java.lang.reflect.Method)](1)" classname="com.nopcommerce.account.Level_18_ExtentReportV5" time="1.885">
    <system-err><![CDATA[SLF4J: Failed to load class "org.slf4j.impl.StaticLoggerBinder".
SLF4J: Defaulting to no-operation (NOP) logger implementation
SLF4J: See http://www.slf4j.org/codes.html#StaticLoggerBinder for further details.
Jun 21, 2024 4:19:56 PM org.openqa.selenium.devtools.CdpVersionFinder findNearestMatch
WARNING: Unable to find CDP implementation matching 126
Jun 21, 2024 4:19:56 PM org.openqa.selenium.chromium.ChromiumDriver lambda$new$5
WARNING: Unable to find version of CDP to use for 126.0.6478.62. You may need to include a dependency on a specific version of the CDP using something similar to `org.seleniumhq.selenium:selenium-devtools-v86:4.16.1` where the version ("v86") matches the version of the chromium-based browser you're using and the version number of the artifact is the same as Selenium's.
]]></system-err>
  </testcase>
  <testcase name="User_01_Register[public void com.nopcommerce.account.Level_18_ExtentReportV5.User_01_Register(java.lang.reflect.Method)](1)" classname="com.nopcommerce.account.Level_18_ExtentReportV5" time="1.918">
    <system-out><![CDATA[DEBUG   17189   [freemark] (): Couldn't find template in cache for "spark/spark.spa.ftl"("en_US", UTF-8, parsed); will try to load it.
DEBUG   17189   [freemark] (): TemplateLoader.findTemplateSource("spark/spark.spa_en_US.ftl"): Not found
DEBUG   17189   [freemark] (): TemplateLoader.findTemplateSource("spark/spark.spa_en.ftl"): Not found
DEBUG   17189   [freemark] (): TemplateLoader.findTemplateSource("spark/spark.spa.ftl"): Found
DEBUG   17189   [freemark] (): Loading template for "spark/spark.spa.ftl"("en_US", UTF-8, parsed) from "jar:file:/Users/trungtn/.m2/repository/com/aventstack/extentreports/5.0.8/extentreports-5.0.8.jar!/com/aventstack/extentreports/templates/spark/spark.spa.ftl"
DEBUG   17189   [freemark] (): Couldn't find template in cache for "commons/commons-variables.ftl"("en_US", UTF-8, parsed); will try to load it.
DEBUG   17189   [freemark] (): TemplateLoader.findTemplateSource("commons/commons-variables_en_US.ftl"): Not found
DEBUG   17189   [freemark] (): TemplateLoader.findTemplateSource("commons/commons-variables_en.ftl"): Not found
DEBUG   17189   [freemark] (): TemplateLoader.findTemplateSource("commons/commons-variables.ftl"): Found
DEBUG   17189   [freemark] (): Loading template for "commons/commons-variables.ftl"("en_US", UTF-8, parsed) from "jar:file:/Users/trungtn/.m2/repository/com/aventstack/extentreports/5.0.8/extentreports-5.0.8.jar!/com/aventstack/extentreports/templates/commons/commons-variables.ftl"
DEBUG   17189   [freemark] (): Couldn't find template in cache for "commons/commons-macros.ftl"("en_US", UTF-8, parsed); will try to load it.
DEBUG   17189   [freemark] (): TemplateLoader.findTemplateSource("commons/commons-macros_en_US.ftl"): Not found
DEBUG   17189   [freemark] (): TemplateLoader.findTemplateSource("commons/commons-macros_en.ftl"): Not found
DEBUG   17189   [freemark] (): TemplateLoader.findTemplateSource("commons/commons-macros.ftl"): Found
DEBUG   17189   [freemark] (): Loading template for "commons/commons-macros.ftl"("en_US", UTF-8, parsed) from "jar:file:/Users/trungtn/.m2/repository/com/aventstack/extentreports/5.0.8/extentreports-5.0.8.jar!/com/aventstack/extentreports/templates/commons/commons-macros.ftl"
DEBUG   17189   [freemark] (): Couldn't find template in cache for "spark/macros/attributes.ftl"("en_US", UTF-8, parsed); will try to load it.
DEBUG   17189   [freemark] (): TemplateLoader.findTemplateSource("spark/macros/attributes_en_US.ftl"): Not found
DEBUG   17189   [freemark] (): TemplateLoader.findTemplateSource("spark/macros/attributes_en.ftl"): Not found
DEBUG   17189   [freemark] (): TemplateLoader.findTemplateSource("spark/macros/attributes.ftl"): Found
DEBUG   17189   [freemark] (): Loading template for "spark/macros/attributes.ftl"("en_US", UTF-8, parsed) from "jar:file:/Users/trungtn/.m2/repository/com/aventstack/extentreports/5.0.8/extentreports-5.0.8.jar!/com/aventstack/extentreports/templates/spark/macros/attributes.ftl"
DEBUG   17189   [freemark] (): Couldn't find template in cache for "spark/macros/log.ftl"("en_US", UTF-8, parsed); will try to load it.
DEBUG   17189   [freemark] (): TemplateLoader.findTemplateSource("spark/macros/log_en_US.ftl"): Not found
DEBUG   17189   [freemark] (): TemplateLoader.findTemplateSource("spark/macros/log_en.ftl"): Not found
DEBUG   17189   [freemark] (): TemplateLoader.findTemplateSource("spark/macros/log.ftl"): Found
DEBUG   17189   [freemark] (): Loading template for "spark/macros/log.ftl"("en_US", UTF-8, parsed) from "jar:file:/Users/trungtn/.m2/repository/com/aventstack/extentreports/5.0.8/extentreports-5.0.8.jar!/com/aventstack/extentreports/templates/spark/macros/log.ftl"
DEBUG   17189   [freemark] (): Couldn't find template in cache for "spark/macros/recurse_nodes.ftl"("en_US", UTF-8, parsed); will try to load it.
DEBUG   17189   [freemark] (): TemplateLoader.findTemplateSource("spark/macros/recurse_nodes_en_US.ftl"): Not found
DEBUG   17189   [freemark] (): TemplateLoader.findTemplateSource("spark/macros/recurse_nodes_en.ftl"): Not found
DEBUG   17189   [freemark] (): TemplateLoader.findTemplateSource("spark/macros/recurse_nodes.ftl"): Found
DEBUG   17189   [freemark] (): Loading template for "spark/macros/recurse_nodes.ftl"("en_US", UTF-8, parsed) from "jar:file:/Users/trungtn/.m2/repository/com/aventstack/extentreports/5.0.8/extentreports-5.0.8.jar!/com/aventstack/extentreports/templates/spark/macros/recurse_nodes.ftl"
DEBUG   17189   [freemark] (): "spark/macros/log.ftl"("en_US", UTF-8, parsed) cached copy not yet stale; using cached.
DEBUG   17189   [freemark] (): Couldn't find template in cache for "spark/macros/attr-common.ftl"("en_US", UTF-8, parsed); will try to load it.
DEBUG   17189   [freemark] (): TemplateLoader.findTemplateSource("spark/macros/attr-common_en_US.ftl"): Not found
DEBUG   17189   [freemark] (): TemplateLoader.findTemplateSource("spark/macros/attr-common_en.ftl"): Not found
DEBUG   17189   [freemark] (): TemplateLoader.findTemplateSource("spark/macros/attr-common.ftl"): Found
DEBUG   17189   [freemark] (): Loading template for "spark/macros/attr-common.ftl"("en_US", UTF-8, parsed) from "jar:file:/Users/trungtn/.m2/repository/com/aventstack/extentreports/5.0.8/extentreports-5.0.8.jar!/com/aventstack/extentreports/templates/spark/macros/attr-common.ftl"
DEBUG   17189   [freemark] (): Couldn't find template in cache for "spark/partials/head.ftl"("en_US", UTF-8, parsed); will try to load it.
DEBUG   17189   [freemark] (): TemplateLoader.findTemplateSource("spark/partials/head_en_US.ftl"): Not found
DEBUG   17189   [freemark] (): TemplateLoader.findTemplateSource("spark/partials/head_en.ftl"): Not found
DEBUG   17189   [freemark] (): TemplateLoader.findTemplateSource("spark/partials/head.ftl"): Found
DEBUG   17189   [freemark] (): Loading template for "spark/partials/head.ftl"("en_US", UTF-8, parsed) from "jar:file:/Users/trungtn/.m2/repository/com/aventstack/extentreports/5.0.8/extentreports-5.0.8.jar!/com/aventstack/extentreports/templates/spark/partials/head.ftl"
DEBUG   17189   [freemark] (): Couldn't find template in cache for "commons/commons-inject-css.ftl"("en_US", UTF-8, parsed); will try to load it.
DEBUG   17189   [freemark] (): TemplateLoader.findTemplateSource("commons/commons-inject-css_en_US.ftl"): Not found
DEBUG   17189   [freemark] (): TemplateLoader.findTemplateSource("commons/commons-inject-css_en.ftl"): Not found
DEBUG   17189   [freemark] (): TemplateLoader.findTemplateSource("commons/commons-inject-css.ftl"): Found
DEBUG   17189   [freemark] (): Loading template for "commons/commons-inject-css.ftl"("en_US", UTF-8, parsed) from "jar:file:/Users/trungtn/.m2/repository/com/aventstack/extentreports/5.0.8/extentreports-5.0.8.jar!/com/aventstack/extentreports/templates/commons/commons-inject-css.ftl"
DEBUG   17189   [freemark] (): Couldn't find template in cache for "spark/partials/navbar.ftl"("en_US", UTF-8, parsed); will try to load it.
DEBUG   17189   [freemark] (): TemplateLoader.findTemplateSource("spark/partials/navbar_en_US.ftl"): Not found
DEBUG   17189   [freemark] (): TemplateLoader.findTemplateSource("spark/partials/navbar_en.ftl"): Not found
DEBUG   17189   [freemark] (): TemplateLoader.findTemplateSource("spark/partials/navbar.ftl"): Found
DEBUG   17189   [freemark] (): Loading template for "spark/partials/navbar.ftl"("en_US", UTF-8, parsed) from "jar:file:/Users/trungtn/.m2/repository/com/aventstack/extentreports/5.0.8/extentreports-5.0.8.jar!/com/aventstack/extentreports/templates/spark/partials/navbar.ftl"
DEBUG   17189   [freemark] (): Couldn't find template in cache for "spark/partials/sidenav.ftl"("en_US", UTF-8, parsed); will try to load it.
DEBUG   17189   [freemark] (): TemplateLoader.findTemplateSource("spark/partials/sidenav_en_US.ftl"): Not found
DEBUG   17189   [freemark] (): TemplateLoader.findTemplateSource("spark/partials/sidenav_en.ftl"): Not found
DEBUG   17189   [freemark] (): TemplateLoader.findTemplateSource("spark/partials/sidenav.ftl"): Found
DEBUG   17189   [freemark] (): Loading template for "spark/partials/sidenav.ftl"("en_US", UTF-8, parsed) from "jar:file:/Users/trungtn/.m2/repository/com/aventstack/extentreports/5.0.8/extentreports-5.0.8.jar!/com/aventstack/extentreports/templates/spark/partials/sidenav.ftl"
DEBUG   17189   [freemark] (): Couldn't find template in cache for "spark/partials/test.ftl"("en_US", UTF-8, parsed); will try to load it.
DEBUG   17189   [freemark] (): TemplateLoader.findTemplateSource("spark/partials/test_en_US.ftl"): Not found
DEBUG   17189   [freemark] (): TemplateLoader.findTemplateSource("spark/partials/test_en.ftl"): Not found
DEBUG   17189   [freemark] (): TemplateLoader.findTemplateSource("spark/partials/test.ftl"): Found
DEBUG   17189   [freemark] (): Loading template for "spark/partials/test.ftl"("en_US", UTF-8, parsed) from "jar:file:/Users/trungtn/.m2/repository/com/aventstack/extentreports/5.0.8/extentreports-5.0.8.jar!/com/aventstack/extentreports/templates/spark/partials/test.ftl"
DEBUG   17189   [freemark] (): Couldn't find template in cache for "spark/partials/standard-content.ftl"("en_US", UTF-8, parsed); will try to load it.
DEBUG   17189   [freemark] (): TemplateLoader.findTemplateSource("spark/partials/standard-content_en_US.ftl"): Not found
DEBUG   17189   [freemark] (): TemplateLoader.findTemplateSource("spark/partials/standard-content_en.ftl"): Not found
DEBUG   17189   [freemark] (): TemplateLoader.findTemplateSource("spark/partials/standard-content.ftl"): Found
DEBUG   17189   [freemark] (): Loading template for "spark/partials/standard-content.ftl"("en_US", UTF-8, parsed) from "jar:file:/Users/trungtn/.m2/repository/com/aventstack/extentreports/5.0.8/extentreports-5.0.8.jar!/com/aventstack/extentreports/templates/spark/partials/standard-content.ftl"
DEBUG   17189   [freemark] (): "spark/partials/standard-content.ftl"("en_US", UTF-8, parsed) cached copy not yet stale; using cached.
DEBUG   17189   [freemark] (): Couldn't find template in cache for "spark/partials/exception.ftl"("en_US", UTF-8, parsed); will try to load it.
DEBUG   17189   [freemark] (): TemplateLoader.findTemplateSource("spark/partials/exception_en_US.ftl"): Not found
DEBUG   17189   [freemark] (): TemplateLoader.findTemplateSource("spark/partials/exception_en.ftl"): Not found
DEBUG   17189   [freemark] (): TemplateLoader.findTemplateSource("spark/partials/exception.ftl"): Found
DEBUG   17189   [freemark] (): Loading template for "spark/partials/exception.ftl"("en_US", UTF-8, parsed) from "jar:file:/Users/trungtn/.m2/repository/com/aventstack/extentreports/5.0.8/extentreports-5.0.8.jar!/com/aventstack/extentreports/templates/spark/partials/exception.ftl"
DEBUG   17189   [freemark] (): Couldn't find template in cache for "spark/partials/category.ftl"("en_US", UTF-8, parsed); will try to load it.
DEBUG   17189   [freemark] (): TemplateLoader.findTemplateSource("spark/partials/category_en_US.ftl"): Not found
DEBUG   17189   [freemark] (): TemplateLoader.findTemplateSource("spark/partials/category_en.ftl"): Not found
DEBUG   17189   [freemark] (): TemplateLoader.findTemplateSource("spark/partials/category.ftl"): Found
DEBUG   17189   [freemark] (): Loading template for "spark/partials/category.ftl"("en_US", UTF-8, parsed) from "jar:file:/Users/trungtn/.m2/repository/com/aventstack/extentreports/5.0.8/extentreports-5.0.8.jar!/com/aventstack/extentreports/templates/spark/partials/category.ftl"
DEBUG   17189   [freemark] (): Couldn't find template in cache for "spark/partials/device.ftl"("en_US", UTF-8, parsed); will try to load it.
DEBUG   17189   [freemark] (): TemplateLoader.findTemplateSource("spark/partials/device_en_US.ftl"): Not found
DEBUG   17189   [freemark] (): TemplateLoader.findTemplateSource("spark/partials/device_en.ftl"): Not found
DEBUG   17189   [freemark] (): TemplateLoader.findTemplateSource("spark/partials/device.ftl"): Found
DEBUG   17189   [freemark] (): Loading template for "spark/partials/device.ftl"("en_US", UTF-8, parsed) from "jar:file:/Users/trungtn/.m2/repository/com/aventstack/extentreports/5.0.8/extentreports-5.0.8.jar!/com/aventstack/extentreports/templates/spark/partials/device.ftl"
DEBUG   17189   [freemark] (): Couldn't find template in cache for "spark/partials/author.ftl"("en_US", UTF-8, parsed); will try to load it.
DEBUG   17189   [freemark] (): TemplateLoader.findTemplateSource("spark/partials/author_en_US.ftl"): Not found
DEBUG   17189   [freemark] (): TemplateLoader.findTemplateSource("spark/partials/author_en.ftl"): Not found
DEBUG   17189   [freemark] (): TemplateLoader.findTemplateSource("spark/partials/author.ftl"): Found
DEBUG   17189   [freemark] (): Loading template for "spark/partials/author.ftl"("en_US", UTF-8, parsed) from "jar:file:/Users/trungtn/.m2/repository/com/aventstack/extentreports/5.0.8/extentreports-5.0.8.jar!/com/aventstack/extentreports/templates/spark/partials/author.ftl"
DEBUG   17189   [freemark] (): Couldn't find template in cache for "spark/partials/log.ftl"("en_US", UTF-8, parsed); will try to load it.
DEBUG   17189   [freemark] (): TemplateLoader.findTemplateSource("spark/partials/log_en_US.ftl"): Not found
DEBUG   17189   [freemark] (): TemplateLoader.findTemplateSource("spark/partials/log_en.ftl"): Not found
DEBUG   17189   [freemark] (): TemplateLoader.findTemplateSource("spark/partials/log.ftl"): Found
DEBUG   17189   [freemark] (): Loading template for "spark/partials/log.ftl"("en_US", UTF-8, parsed) from "jar:file:/Users/trungtn/.m2/repository/com/aventstack/extentreports/5.0.8/extentreports-5.0.8.jar!/com/aventstack/extentreports/templates/spark/partials/log.ftl"
DEBUG   17189   [freemark] (): Couldn't find template in cache for "spark/partials/dashboard.ftl"("en_US", UTF-8, parsed); will try to load it.
DEBUG   17189   [freemark] (): TemplateLoader.findTemplateSource("spark/partials/dashboard_en_US.ftl"): Not found
DEBUG   17189   [freemark] (): TemplateLoader.findTemplateSource("spark/partials/dashboard_en.ftl"): Not found
DEBUG   17189   [freemark] (): TemplateLoader.findTemplateSource("spark/partials/dashboard.ftl"): Found
DEBUG   17189   [freemark] (): Loading template for "spark/partials/dashboard.ftl"("en_US", UTF-8, parsed) from "jar:file:/Users/trungtn/.m2/repository/com/aventstack/extentreports/5.0.8/extentreports-5.0.8.jar!/com/aventstack/extentreports/templates/spark/partials/dashboard.ftl"
DEBUG   17189   [freemark] (): Couldn't find template in cache for "spark/partials/scripts.ftl"("en_US", UTF-8, parsed); will try to load it.
DEBUG   17189   [freemark] (): TemplateLoader.findTemplateSource("spark/partials/scripts_en_US.ftl"): Not found
DEBUG   17189   [freemark] (): TemplateLoader.findTemplateSource("spark/partials/scripts_en.ftl"): Not found
DEBUG   17189   [freemark] (): TemplateLoader.findTemplateSource("spark/partials/scripts.ftl"): Found
DEBUG   17189   [freemark] (): Loading template for "spark/partials/scripts.ftl"("en_US", UTF-8, parsed) from "jar:file:/Users/trungtn/.m2/repository/com/aventstack/extentreports/5.0.8/extentreports-5.0.8.jar!/com/aventstack/extentreports/templates/spark/partials/scripts.ftl"
DEBUG   17189   [freemark] (): Couldn't find template in cache for "commons/commons-inject-js.ftl"("en_US", UTF-8, parsed); will try to load it.
DEBUG   17189   [freemark] (): TemplateLoader.findTemplateSource("commons/commons-inject-js_en_US.ftl"): Not found
DEBUG   17189   [freemark] (): TemplateLoader.findTemplateSource("commons/commons-inject-js_en.ftl"): Not found
DEBUG   17189   [freemark] (): TemplateLoader.findTemplateSource("commons/commons-inject-js.ftl"): Found
DEBUG   17189   [freemark] (): Loading template for "commons/commons-inject-js.ftl"("en_US", UTF-8, parsed) from "jar:file:/Users/trungtn/.m2/repository/com/aventstack/extentreports/5.0.8/extentreports-5.0.8.jar!/com/aventstack/extentreports/templates/commons/commons-inject-js.ftl"
]]></system-out>
  </testcase>
  <testcase name="User_01_Register[public void com.nopcommerce.account.Level_18_ExtentReportV5.User_01_Register(java.lang.reflect.Method)](1)" classname="com.nopcommerce.account.Level_18_ExtentReportV5" time="1.525">
    <system-out><![CDATA[DEBUG   17189   [freemark] (): TemplateLoader.findTemplateSource("spark/spark.spa_en_US.ftl"): Not found
DEBUG   17189   [freemark] (): TemplateLoader.findTemplateSource("spark/spark.spa_en.ftl"): Not found
DEBUG   17189   [freemark] (): TemplateLoader.findTemplateSource("spark/spark.spa.ftl"): Found
DEBUG   17189   [freemark] (): "spark/spark.spa.ftl"("en_US", UTF-8, parsed): using cached since jar:file:/Users/trungtn/.m2/repository/com/aventstack/extentreports/5.0.8/extentreports-5.0.8.jar!/com/aventstack/extentreports/templates/spark/spark.spa.ftl hasn't changed.
DEBUG   17189   [freemark] (): TemplateLoader.findTemplateSource("commons/commons-variables_en_US.ftl"): Not found
DEBUG   17189   [freemark] (): TemplateLoader.findTemplateSource("commons/commons-variables_en.ftl"): Not found
DEBUG   17189   [freemark] (): TemplateLoader.findTemplateSource("commons/commons-variables.ftl"): Found
DEBUG   17189   [freemark] (): "commons/commons-variables.ftl"("en_US", UTF-8, parsed): using cached since jar:file:/Users/trungtn/.m2/repository/com/aventstack/extentreports/5.0.8/extentreports-5.0.8.jar!/com/aventstack/extentreports/templates/commons/commons-variables.ftl hasn't changed.
DEBUG   17189   [freemark] (): TemplateLoader.findTemplateSource("commons/commons-macros_en_US.ftl"): Not found
DEBUG   17189   [freemark] (): TemplateLoader.findTemplateSource("commons/commons-macros_en.ftl"): Not found
DEBUG   17189   [freemark] (): TemplateLoader.findTemplateSource("commons/commons-macros.ftl"): Found
DEBUG   17189   [freemark] (): "commons/commons-macros.ftl"("en_US", UTF-8, parsed): using cached since jar:file:/Users/trungtn/.m2/repository/com/aventstack/extentreports/5.0.8/extentreports-5.0.8.jar!/com/aventstack/extentreports/templates/commons/commons-macros.ftl hasn't changed.
DEBUG   17189   [freemark] (): TemplateLoader.findTemplateSource("spark/macros/attributes_en_US.ftl"): Not found
DEBUG   17189   [freemark] (): TemplateLoader.findTemplateSource("spark/macros/attributes_en.ftl"): Not found
DEBUG   17189   [freemark] (): TemplateLoader.findTemplateSource("spark/macros/attributes.ftl"): Found
DEBUG   17189   [freemark] (): "spark/macros/attributes.ftl"("en_US", UTF-8, parsed): using cached since jar:file:/Users/trungtn/.m2/repository/com/aventstack/extentreports/5.0.8/extentreports-5.0.8.jar!/com/aventstack/extentreports/templates/spark/macros/attributes.ftl hasn't changed.
DEBUG   17189   [freemark] (): TemplateLoader.findTemplateSource("spark/macros/log_en_US.ftl"): Not found
DEBUG   17189   [freemark] (): TemplateLoader.findTemplateSource("spark/macros/log_en.ftl"): Not found
DEBUG   17189   [freemark] (): TemplateLoader.findTemplateSource("spark/macros/log.ftl"): Found
DEBUG   17189   [freemark] (): "spark/macros/log.ftl"("en_US", UTF-8, parsed): using cached since jar:file:/Users/trungtn/.m2/repository/com/aventstack/extentreports/5.0.8/extentreports-5.0.8.jar!/com/aventstack/extentreports/templates/spark/macros/log.ftl hasn't changed.
DEBUG   17189   [freemark] (): TemplateLoader.findTemplateSource("spark/macros/recurse_nodes_en_US.ftl"): Not found
DEBUG   17189   [freemark] (): TemplateLoader.findTemplateSource("spark/macros/recurse_nodes_en.ftl"): Not found
DEBUG   17189   [freemark] (): TemplateLoader.findTemplateSource("spark/macros/recurse_nodes.ftl"): Found
DEBUG   17189   [freemark] (): "spark/macros/recurse_nodes.ftl"("en_US", UTF-8, parsed): using cached since jar:file:/Users/trungtn/.m2/repository/com/aventstack/extentreports/5.0.8/extentreports-5.0.8.jar!/com/aventstack/extentreports/templates/spark/macros/recurse_nodes.ftl hasn't changed.
DEBUG   17189   [freemark] (): "spark/macros/log.ftl"("en_US", UTF-8, parsed) cached copy not yet stale; using cached.
DEBUG   17189   [freemark] (): TemplateLoader.findTemplateSource("spark/macros/attr-common_en_US.ftl"): Not found
DEBUG   17189   [freemark] (): TemplateLoader.findTemplateSource("spark/macros/attr-common_en.ftl"): Not found
DEBUG   17189   [freemark] (): TemplateLoader.findTemplateSource("spark/macros/attr-common.ftl"): Found
DEBUG   17189   [freemark] (): "spark/macros/attr-common.ftl"("en_US", UTF-8, parsed): using cached since jar:file:/Users/trungtn/.m2/repository/com/aventstack/extentreports/5.0.8/extentreports-5.0.8.jar!/com/aventstack/extentreports/templates/spark/macros/attr-common.ftl hasn't changed.
DEBUG   17189   [freemark] (): TemplateLoader.findTemplateSource("spark/partials/head_en_US.ftl"): Not found
DEBUG   17189   [freemark] (): TemplateLoader.findTemplateSource("spark/partials/head_en.ftl"): Not found
DEBUG   17189   [freemark] (): TemplateLoader.findTemplateSource("spark/partials/head.ftl"): Found
DEBUG   17189   [freemark] (): "spark/partials/head.ftl"("en_US", UTF-8, parsed): using cached since jar:file:/Users/trungtn/.m2/repository/com/aventstack/extentreports/5.0.8/extentreports-5.0.8.jar!/com/aventstack/extentreports/templates/spark/partials/head.ftl hasn't changed.
DEBUG   17189   [freemark] (): TemplateLoader.findTemplateSource("commons/commons-inject-css_en_US.ftl"): Not found
DEBUG   17189   [freemark] (): TemplateLoader.findTemplateSource("commons/commons-inject-css_en.ftl"): Not found
DEBUG   17189   [freemark] (): TemplateLoader.findTemplateSource("commons/commons-inject-css.ftl"): Found
DEBUG   17189   [freemark] (): "commons/commons-inject-css.ftl"("en_US", UTF-8, parsed): using cached since jar:file:/Users/trungtn/.m2/repository/com/aventstack/extentreports/5.0.8/extentreports-5.0.8.jar!/com/aventstack/extentreports/templates/commons/commons-inject-css.ftl hasn't changed.
DEBUG   17189   [freemark] (): TemplateLoader.findTemplateSource("spark/partials/navbar_en_US.ftl"): Not found
DEBUG   17189   [freemark] (): TemplateLoader.findTemplateSource("spark/partials/navbar_en.ftl"): Not found
DEBUG   17189   [freemark] (): TemplateLoader.findTemplateSource("spark/partials/navbar.ftl"): Found
DEBUG   17189   [freemark] (): "spark/partials/navbar.ftl"("en_US", UTF-8, parsed): using cached since jar:file:/Users/trungtn/.m2/repository/com/aventstack/extentreports/5.0.8/extentreports-5.0.8.jar!/com/aventstack/extentreports/templates/spark/partials/navbar.ftl hasn't changed.
DEBUG   17189   [freemark] (): TemplateLoader.findTemplateSource("spark/partials/sidenav_en_US.ftl"): Not found
DEBUG   17189   [freemark] (): TemplateLoader.findTemplateSource("spark/partials/sidenav_en.ftl"): Not found
DEBUG   17189   [freemark] (): TemplateLoader.findTemplateSource("spark/partials/sidenav.ftl"): Found
DEBUG   17189   [freemark] (): "spark/partials/sidenav.ftl"("en_US", UTF-8, parsed): using cached since jar:file:/Users/trungtn/.m2/repository/com/aventstack/extentreports/5.0.8/extentreports-5.0.8.jar!/com/aventstack/extentreports/templates/spark/partials/sidenav.ftl hasn't changed.
DEBUG   17189   [freemark] (): TemplateLoader.findTemplateSource("spark/partials/test_en_US.ftl"): Not found
DEBUG   17189   [freemark] (): TemplateLoader.findTemplateSource("spark/partials/test_en.ftl"): Not found
DEBUG   17189   [freemark] (): TemplateLoader.findTemplateSource("spark/partials/test.ftl"): Found
DEBUG   17189   [freemark] (): "spark/partials/test.ftl"("en_US", UTF-8, parsed): using cached since jar:file:/Users/trungtn/.m2/repository/com/aventstack/extentreports/5.0.8/extentreports-5.0.8.jar!/com/aventstack/extentreports/templates/spark/partials/test.ftl hasn't changed.
DEBUG   17189   [freemark] (): TemplateLoader.findTemplateSource("spark/partials/standard-content_en_US.ftl"): Not found
DEBUG   17189   [freemark] (): TemplateLoader.findTemplateSource("spark/partials/standard-content_en.ftl"): Not found
DEBUG   17189   [freemark] (): TemplateLoader.findTemplateSource("spark/partials/standard-content.ftl"): Found
DEBUG   17189   [freemark] (): "spark/partials/standard-content.ftl"("en_US", UTF-8, parsed): using cached since jar:file:/Users/trungtn/.m2/repository/com/aventstack/extentreports/5.0.8/extentreports-5.0.8.jar!/com/aventstack/extentreports/templates/spark/partials/standard-content.ftl hasn't changed.
DEBUG   17189   [freemark] (): "spark/partials/standard-content.ftl"("en_US", UTF-8, parsed) cached copy not yet stale; using cached.
DEBUG   17189   [freemark] (): "spark/partials/standard-content.ftl"("en_US", UTF-8, parsed) cached copy not yet stale; using cached.
DEBUG   17189   [freemark] (): "spark/partials/standard-content.ftl"("en_US", UTF-8, parsed) cached copy not yet stale; using cached.
DEBUG   17189   [freemark] (): TemplateLoader.findTemplateSource("spark/partials/exception_en_US.ftl"): Not found
DEBUG   17189   [freemark] (): TemplateLoader.findTemplateSource("spark/partials/exception_en.ftl"): Not found
DEBUG   17189   [freemark] (): TemplateLoader.findTemplateSource("spark/partials/exception.ftl"): Found
DEBUG   17189   [freemark] (): "spark/partials/exception.ftl"("en_US", UTF-8, parsed): using cached since jar:file:/Users/trungtn/.m2/repository/com/aventstack/extentreports/5.0.8/extentreports-5.0.8.jar!/com/aventstack/extentreports/templates/spark/partials/exception.ftl hasn't changed.
DEBUG   17189   [freemark] (): TemplateLoader.findTemplateSource("spark/partials/category_en_US.ftl"): Not found
DEBUG   17189   [freemark] (): TemplateLoader.findTemplateSource("spark/partials/category_en.ftl"): Not found
DEBUG   17189   [freemark] (): TemplateLoader.findTemplateSource("spark/partials/category.ftl"): Found
DEBUG   17189   [freemark] (): "spark/partials/category.ftl"("en_US", UTF-8, parsed): using cached since jar:file:/Users/trungtn/.m2/repository/com/aventstack/extentreports/5.0.8/extentreports-5.0.8.jar!/com/aventstack/extentreports/templates/spark/partials/category.ftl hasn't changed.
DEBUG   17189   [freemark] (): TemplateLoader.findTemplateSource("spark/partials/device_en_US.ftl"): Not found
DEBUG   17189   [freemark] (): TemplateLoader.findTemplateSource("spark/partials/device_en.ftl"): Not found
DEBUG   17189   [freemark] (): TemplateLoader.findTemplateSource("spark/partials/device.ftl"): Found
DEBUG   17189   [freemark] (): "spark/partials/device.ftl"("en_US", UTF-8, parsed): using cached since jar:file:/Users/trungtn/.m2/repository/com/aventstack/extentreports/5.0.8/extentreports-5.0.8.jar!/com/aventstack/extentreports/templates/spark/partials/device.ftl hasn't changed.
DEBUG   17189   [freemark] (): TemplateLoader.findTemplateSource("spark/partials/author_en_US.ftl"): Not found
DEBUG   17189   [freemark] (): TemplateLoader.findTemplateSource("spark/partials/author_en.ftl"): Not found
DEBUG   17189   [freemark] (): TemplateLoader.findTemplateSource("spark/partials/author.ftl"): Found
DEBUG   17189   [freemark] (): "spark/partials/author.ftl"("en_US", UTF-8, parsed): using cached since jar:file:/Users/trungtn/.m2/repository/com/aventstack/extentreports/5.0.8/extentreports-5.0.8.jar!/com/aventstack/extentreports/templates/spark/partials/author.ftl hasn't changed.
DEBUG   17189   [freemark] (): TemplateLoader.findTemplateSource("spark/partials/log_en_US.ftl"): Not found
DEBUG   17189   [freemark] (): TemplateLoader.findTemplateSource("spark/partials/log_en.ftl"): Not found
DEBUG   17189   [freemark] (): TemplateLoader.findTemplateSource("spark/partials/log.ftl"): Found
DEBUG   17189   [freemark] (): "spark/partials/log.ftl"("en_US", UTF-8, parsed): using cached since jar:file:/Users/trungtn/.m2/repository/com/aventstack/extentreports/5.0.8/extentreports-5.0.8.jar!/com/aventstack/extentreports/templates/spark/partials/log.ftl hasn't changed.
DEBUG   17189   [freemark] (): TemplateLoader.findTemplateSource("spark/partials/dashboard_en_US.ftl"): Not found
DEBUG   17189   [freemark] (): TemplateLoader.findTemplateSource("spark/partials/dashboard_en.ftl"): Not found
DEBUG   17189   [freemark] (): TemplateLoader.findTemplateSource("spark/partials/dashboard.ftl"): Found
DEBUG   17189   [freemark] (): "spark/partials/dashboard.ftl"("en_US", UTF-8, parsed): using cached since jar:file:/Users/trungtn/.m2/repository/com/aventstack/extentreports/5.0.8/extentreports-5.0.8.jar!/com/aventstack/extentreports/templates/spark/partials/dashboard.ftl hasn't changed.
DEBUG   17189   [freemark] (): TemplateLoader.findTemplateSource("spark/partials/scripts_en_US.ftl"): Not found
DEBUG   17189   [freemark] (): TemplateLoader.findTemplateSource("spark/partials/scripts_en.ftl"): Not found
DEBUG   17189   [freemark] (): TemplateLoader.findTemplateSource("spark/partials/scripts.ftl"): Found
DEBUG   17189   [freemark] (): "spark/partials/scripts.ftl"("en_US", UTF-8, parsed): using cached since jar:file:/Users/trungtn/.m2/repository/com/aventstack/extentreports/5.0.8/extentreports-5.0.8.jar!/com/aventstack/extentreports/templates/spark/partials/scripts.ftl hasn't changed.
DEBUG   17189   [freemark] (): TemplateLoader.findTemplateSource("commons/commons-inject-js_en_US.ftl"): Not found
DEBUG   17189   [freemark] (): TemplateLoader.findTemplateSource("commons/commons-inject-js_en.ftl"): Not found
DEBUG   17189   [freemark] (): TemplateLoader.findTemplateSource("commons/commons-inject-js.ftl"): Found
DEBUG   17189   [freemark] (): "commons/commons-inject-js.ftl"("en_US", UTF-8, parsed): using cached since jar:file:/Users/trungtn/.m2/repository/com/aventstack/extentreports/5.0.8/extentreports-5.0.8.jar!/com/aventstack/extentreports/templates/commons/commons-inject-js.ftl hasn't changed.
]]></system-out>
    <system-err><![CDATA[Jun 21, 2024 4:20:14 PM org.openqa.selenium.devtools.CdpVersionFinder findNearestMatch
WARNING: Unable to find CDP implementation matching 126
Jun 21, 2024 4:20:14 PM org.openqa.selenium.chromium.ChromiumDriver lambda$new$5
WARNING: Unable to find version of CDP to use for 126.0.2592.68. You may need to include a dependency on a specific version of the CDP using something similar to `org.seleniumhq.selenium:selenium-devtools-v86:4.16.1` where the version ("v86") matches the version of the chromium-based browser you're using and the version number of the artifact is the same as Selenium's.
]]></system-err>
  </testcase>
  <testcase name="User_01_Register[public void com.nopcommerce.account.Level_18_ExtentReportV5.User_01_Register(java.lang.reflect.Method)](1)" classname="com.nopcommerce.account.Level_18_ExtentReportV5" time="30.793">
    <failure message="Build info: version: &apos;4.16.1&apos;, revision: &apos;9b4c83354e&apos;&#10;System info: os.name: &apos;Mac OS X&apos;, os.arch: &apos;aarch64&apos;, os.version: &apos;14.5&apos;, java.version: &apos;11.0.16&apos;&#10;Driver info: org.openqa.selenium.safari.SafariDriver&#10;Command: [B8169754-8B07-4C60-937D-112D8F4D80BC, findElement {using=id, value=FirstName}]&#10;Capabilities {acceptInsecureCerts: false, browserName: Safari, browserVersion: 17.5, platformName: mac, safari:automaticInspection: false, safari:automaticProfiling: false, safari:diagnose: false, safari:platformBuildVersion: 23F79, safari:platformVersion: 14.5, safari:useSimulator: false, setWindowRect: true, strictFileInteractability: false, webkit:WebRTC: {DisableICECandidateFiltering: false, DisableInsecureMediaCapture: false}}&#10;Session ID: B8169754-8B07-4C60-937D-112D8F4D80BC" type="org.openqa.selenium.TimeoutException"><![CDATA[org.openqa.selenium.TimeoutException: 
Build info: version: '4.16.1', revision: '9b4c83354e'
System info: os.name: 'Mac OS X', os.arch: 'aarch64', os.version: '14.5', java.version: '11.0.16'
Driver info: org.openqa.selenium.safari.SafariDriver
Command: [B8169754-8B07-4C60-937D-112D8F4D80BC, findElement {using=id, value=FirstName}]
Capabilities {acceptInsecureCerts: false, browserName: Safari, browserVersion: 17.5, platformName: mac, safari:automaticInspection: false, safari:automaticProfiling: false, safari:diagnose: false, safari:platformBuildVersion: 23F79, safari:platformVersion: 14.5, safari:useSimulator: false, setWindowRect: true, strictFileInteractability: false, webkit:WebRTC: {DisableICECandidateFiltering: false, DisableInsecureMediaCapture: false}}
Session ID: B8169754-8B07-4C60-937D-112D8F4D80BC
	at java.base/jdk.internal.reflect.NativeConstructorAccessorImpl.newInstance0(Native Method)
	at java.base/jdk.internal.reflect.NativeConstructorAccessorImpl.newInstance(NativeConstructorAccessorImpl.java:62)
	at java.base/jdk.internal.reflect.DelegatingConstructorAccessorImpl.newInstance(DelegatingConstructorAccessorImpl.java:45)
	at java.base/java.lang.reflect.Constructor.newInstance(Constructor.java:490)
	at org.openqa.selenium.remote.codec.w3c.W3CHttpResponseCodec.createException(W3CHttpResponseCodec.java:200)
	at org.openqa.selenium.remote.codec.w3c.W3CHttpResponseCodec.decode(W3CHttpResponseCodec.java:133)
	at org.openqa.selenium.remote.codec.w3c.W3CHttpResponseCodec.decode(W3CHttpResponseCodec.java:52)
	at org.openqa.selenium.remote.HttpCommandExecutor.execute(HttpCommandExecutor.java:191)
	at org.openqa.selenium.remote.service.DriverCommandExecutor.invokeExecute(DriverCommandExecutor.java:200)
	at org.openqa.selenium.remote.service.DriverCommandExecutor.execute(DriverCommandExecutor.java:175)
	at org.openqa.selenium.remote.RemoteWebDriver.execute(RemoteWebDriver.java:523)
	at org.openqa.selenium.remote.ElementLocation$ElementFinder$2.findElement(ElementLocation.java:165)
	at org.openqa.selenium.remote.ElementLocation.findElement(ElementLocation.java:66)
	at org.openqa.selenium.remote.RemoteWebDriver.findElement(RemoteWebDriver.java:360)
	at org.openqa.selenium.remote.RemoteWebDriver.findElement(RemoteWebDriver.java:354)
	at commons.BasePage.getWebElement(BasePage.java:193)
	at commons.BasePage.waitUntilElementVisible(BasePage.java:483)
	at pageObjects.portal.UserRegisterPageObject.inputToFirstNameTextbox(UserRegisterPageObject.java:55)
	at com.nopcommerce.account.Level_18_ExtentReportV5.User_01_Register(Level_18_ExtentReportV5.java:53)
	at java.base/jdk.internal.reflect.NativeMethodAccessorImpl.invoke0(Native Method)
	at java.base/jdk.internal.reflect.NativeMethodAccessorImpl.invoke(NativeMethodAccessorImpl.java:62)
	at java.base/jdk.internal.reflect.DelegatingMethodAccessorImpl.invoke(DelegatingMethodAccessorImpl.java:43)
	at java.base/java.lang.reflect.Method.invoke(Method.java:566)
	at org.testng.internal.MethodInvocationHelper.invokeMethod(MethodInvocationHelper.java:124)
	at org.testng.internal.Invoker.invokeMethod(Invoker.java:583)
	at org.testng.internal.Invoker.invokeTestMethod(Invoker.java:719)
	at org.testng.internal.Invoker.invokeTestMethods(Invoker.java:989)
	at org.testng.internal.TestMethodWorker.invokeTestMethods(TestMethodWorker.java:125)
	at org.testng.internal.TestMethodWorker.run(TestMethodWorker.java:109)
	at org.testng.TestRunner.privateRun(TestRunner.java:648)
	at org.testng.TestRunner.run(TestRunner.java:505)
	at org.testng.SuiteRunner.runTest(SuiteRunner.java:455)
	at org.testng.SuiteRunner.runSequentially(SuiteRunner.java:450)
	at org.testng.SuiteRunner.privateRun(SuiteRunner.java:415)
	at org.testng.SuiteRunner.run(SuiteRunner.java:364)
	at org.testng.SuiteRunnerWorker.runSuite(SuiteRunnerWorker.java:52)
	at org.testng.SuiteRunnerWorker.run(SuiteRunnerWorker.java:84)
	at org.testng.TestNG.runSuitesSequentially(TestNG.java:1208)
	at org.testng.TestNG.runSuitesLocally(TestNG.java:1137)
	at org.testng.TestNG.runSuites(TestNG.java:1049)
	at org.testng.TestNG.run(TestNG.java:1017)
	at org.apache.maven.surefire.testng.TestNGExecutor.run(TestNGExecutor.java:308)
	at org.apache.maven.surefire.testng.TestNGXmlTestSuite.execute(TestNGXmlTestSuite.java:71)
	at org.apache.maven.surefire.testng.TestNGProvider.invoke(TestNGProvider.java:113)
	at org.apache.maven.surefire.booter.ForkedBooter.runSuitesInProcess(ForkedBooter.java:385)
	at org.apache.maven.surefire.booter.ForkedBooter.execute(ForkedBooter.java:162)
	at org.apache.maven.surefire.booter.ForkedBooter.run(ForkedBooter.java:507)
	at org.apache.maven.surefire.booter.ForkedBooter.main(ForkedBooter.java:495)
]]></failure>
    <system-out><![CDATA[DEBUG   17189   [freemark] (): TemplateLoader.findTemplateSource("spark/spark.spa_en_US.ftl"): Not found
DEBUG   17189   [freemark] (): TemplateLoader.findTemplateSource("spark/spark.spa_en.ftl"): Not found
DEBUG   17189   [freemark] (): TemplateLoader.findTemplateSource("spark/spark.spa.ftl"): Found
DEBUG   17189   [freemark] (): "spark/spark.spa.ftl"("en_US", UTF-8, parsed): using cached since jar:file:/Users/trungtn/.m2/repository/com/aventstack/extentreports/5.0.8/extentreports-5.0.8.jar!/com/aventstack/extentreports/templates/spark/spark.spa.ftl hasn't changed.
DEBUG   17189   [freemark] (): TemplateLoader.findTemplateSource("commons/commons-variables_en_US.ftl"): Not found
DEBUG   17189   [freemark] (): TemplateLoader.findTemplateSource("commons/commons-variables_en.ftl"): Not found
DEBUG   17189   [freemark] (): TemplateLoader.findTemplateSource("commons/commons-variables.ftl"): Found
DEBUG   17189   [freemark] (): "commons/commons-variables.ftl"("en_US", UTF-8, parsed): using cached since jar:file:/Users/trungtn/.m2/repository/com/aventstack/extentreports/5.0.8/extentreports-5.0.8.jar!/com/aventstack/extentreports/templates/commons/commons-variables.ftl hasn't changed.
DEBUG   17189   [freemark] (): TemplateLoader.findTemplateSource("commons/commons-macros_en_US.ftl"): Not found
DEBUG   17189   [freemark] (): TemplateLoader.findTemplateSource("commons/commons-macros_en.ftl"): Not found
DEBUG   17189   [freemark] (): TemplateLoader.findTemplateSource("commons/commons-macros.ftl"): Found
DEBUG   17189   [freemark] (): "commons/commons-macros.ftl"("en_US", UTF-8, parsed): using cached since jar:file:/Users/trungtn/.m2/repository/com/aventstack/extentreports/5.0.8/extentreports-5.0.8.jar!/com/aventstack/extentreports/templates/commons/commons-macros.ftl hasn't changed.
DEBUG   17189   [freemark] (): TemplateLoader.findTemplateSource("spark/macros/attributes_en_US.ftl"): Not found
DEBUG   17189   [freemark] (): TemplateLoader.findTemplateSource("spark/macros/attributes_en.ftl"): Not found
DEBUG   17189   [freemark] (): TemplateLoader.findTemplateSource("spark/macros/attributes.ftl"): Found
DEBUG   17189   [freemark] (): "spark/macros/attributes.ftl"("en_US", UTF-8, parsed): using cached since jar:file:/Users/trungtn/.m2/repository/com/aventstack/extentreports/5.0.8/extentreports-5.0.8.jar!/com/aventstack/extentreports/templates/spark/macros/attributes.ftl hasn't changed.
DEBUG   17189   [freemark] (): TemplateLoader.findTemplateSource("spark/macros/log_en_US.ftl"): Not found
DEBUG   17189   [freemark] (): TemplateLoader.findTemplateSource("spark/macros/log_en.ftl"): Not found
DEBUG   17189   [freemark] (): TemplateLoader.findTemplateSource("spark/macros/log.ftl"): Found
DEBUG   17189   [freemark] (): "spark/macros/log.ftl"("en_US", UTF-8, parsed): using cached since jar:file:/Users/trungtn/.m2/repository/com/aventstack/extentreports/5.0.8/extentreports-5.0.8.jar!/com/aventstack/extentreports/templates/spark/macros/log.ftl hasn't changed.
DEBUG   17189   [freemark] (): TemplateLoader.findTemplateSource("spark/macros/recurse_nodes_en_US.ftl"): Not found
DEBUG   17189   [freemark] (): TemplateLoader.findTemplateSource("spark/macros/recurse_nodes_en.ftl"): Not found
DEBUG   17189   [freemark] (): TemplateLoader.findTemplateSource("spark/macros/recurse_nodes.ftl"): Found
DEBUG   17189   [freemark] (): "spark/macros/recurse_nodes.ftl"("en_US", UTF-8, parsed): using cached since jar:file:/Users/trungtn/.m2/repository/com/aventstack/extentreports/5.0.8/extentreports-5.0.8.jar!/com/aventstack/extentreports/templates/spark/macros/recurse_nodes.ftl hasn't changed.
DEBUG   17189   [freemark] (): "spark/macros/log.ftl"("en_US", UTF-8, parsed) cached copy not yet stale; using cached.
DEBUG   17189   [freemark] (): TemplateLoader.findTemplateSource("spark/macros/attr-common_en_US.ftl"): Not found
DEBUG   17189   [freemark] (): TemplateLoader.findTemplateSource("spark/macros/attr-common_en.ftl"): Not found
DEBUG   17189   [freemark] (): TemplateLoader.findTemplateSource("spark/macros/attr-common.ftl"): Found
DEBUG   17189   [freemark] (): "spark/macros/attr-common.ftl"("en_US", UTF-8, parsed): using cached since jar:file:/Users/trungtn/.m2/repository/com/aventstack/extentreports/5.0.8/extentreports-5.0.8.jar!/com/aventstack/extentreports/templates/spark/macros/attr-common.ftl hasn't changed.
DEBUG   17189   [freemark] (): TemplateLoader.findTemplateSource("spark/partials/head_en_US.ftl"): Not found
DEBUG   17189   [freemark] (): TemplateLoader.findTemplateSource("spark/partials/head_en.ftl"): Not found
DEBUG   17189   [freemark] (): TemplateLoader.findTemplateSource("spark/partials/head.ftl"): Found
DEBUG   17189   [freemark] (): "spark/partials/head.ftl"("en_US", UTF-8, parsed): using cached since jar:file:/Users/trungtn/.m2/repository/com/aventstack/extentreports/5.0.8/extentreports-5.0.8.jar!/com/aventstack/extentreports/templates/spark/partials/head.ftl hasn't changed.
DEBUG   17189   [freemark] (): TemplateLoader.findTemplateSource("commons/commons-inject-css_en_US.ftl"): Not found
DEBUG   17189   [freemark] (): TemplateLoader.findTemplateSource("commons/commons-inject-css_en.ftl"): Not found
DEBUG   17189   [freemark] (): TemplateLoader.findTemplateSource("commons/commons-inject-css.ftl"): Found
DEBUG   17189   [freemark] (): "commons/commons-inject-css.ftl"("en_US", UTF-8, parsed): using cached since jar:file:/Users/trungtn/.m2/repository/com/aventstack/extentreports/5.0.8/extentreports-5.0.8.jar!/com/aventstack/extentreports/templates/commons/commons-inject-css.ftl hasn't changed.
DEBUG   17189   [freemark] (): TemplateLoader.findTemplateSource("spark/partials/navbar_en_US.ftl"): Not found
DEBUG   17189   [freemark] (): TemplateLoader.findTemplateSource("spark/partials/navbar_en.ftl"): Not found
DEBUG   17189   [freemark] (): TemplateLoader.findTemplateSource("spark/partials/navbar.ftl"): Found
DEBUG   17189   [freemark] (): "spark/partials/navbar.ftl"("en_US", UTF-8, parsed): using cached since jar:file:/Users/trungtn/.m2/repository/com/aventstack/extentreports/5.0.8/extentreports-5.0.8.jar!/com/aventstack/extentreports/templates/spark/partials/navbar.ftl hasn't changed.
DEBUG   17189   [freemark] (): TemplateLoader.findTemplateSource("spark/partials/sidenav_en_US.ftl"): Not found
DEBUG   17189   [freemark] (): TemplateLoader.findTemplateSource("spark/partials/sidenav_en.ftl"): Not found
DEBUG   17189   [freemark] (): TemplateLoader.findTemplateSource("spark/partials/sidenav.ftl"): Found
DEBUG   17189   [freemark] (): "spark/partials/sidenav.ftl"("en_US", UTF-8, parsed): using cached since jar:file:/Users/trungtn/.m2/repository/com/aventstack/extentreports/5.0.8/extentreports-5.0.8.jar!/com/aventstack/extentreports/templates/spark/partials/sidenav.ftl hasn't changed.
DEBUG   17189   [freemark] (): TemplateLoader.findTemplateSource("spark/partials/test_en_US.ftl"): Not found
DEBUG   17189   [freemark] (): TemplateLoader.findTemplateSource("spark/partials/test_en.ftl"): Not found
DEBUG   17189   [freemark] (): TemplateLoader.findTemplateSource("spark/partials/test.ftl"): Found
DEBUG   17189   [freemark] (): "spark/partials/test.ftl"("en_US", UTF-8, parsed): using cached since jar:file:/Users/trungtn/.m2/repository/com/aventstack/extentreports/5.0.8/extentreports-5.0.8.jar!/com/aventstack/extentreports/templates/spark/partials/test.ftl hasn't changed.
DEBUG   17189   [freemark] (): TemplateLoader.findTemplateSource("spark/partials/standard-content_en_US.ftl"): Not found
DEBUG   17189   [freemark] (): TemplateLoader.findTemplateSource("spark/partials/standard-content_en.ftl"): Not found
DEBUG   17189   [freemark] (): TemplateLoader.findTemplateSource("spark/partials/standard-content.ftl"): Found
DEBUG   17189   [freemark] (): "spark/partials/standard-content.ftl"("en_US", UTF-8, parsed): using cached since jar:file:/Users/trungtn/.m2/repository/com/aventstack/extentreports/5.0.8/extentreports-5.0.8.jar!/com/aventstack/extentreports/templates/spark/partials/standard-content.ftl hasn't changed.
DEBUG   17189   [freemark] (): "spark/partials/standard-content.ftl"("en_US", UTF-8, parsed) cached copy not yet stale; using cached.
DEBUG   17189   [freemark] (): "spark/partials/standard-content.ftl"("en_US", UTF-8, parsed) cached copy not yet stale; using cached.
DEBUG   17189   [freemark] (): "spark/partials/standard-content.ftl"("en_US", UTF-8, parsed) cached copy not yet stale; using cached.
DEBUG   17189   [freemark] (): "spark/partials/standard-content.ftl"("en_US", UTF-8, parsed) cached copy not yet stale; using cached.
DEBUG   17189   [freemark] (): "spark/partials/standard-content.ftl"("en_US", UTF-8, parsed) cached copy not yet stale; using cached.
DEBUG   17189   [freemark] (): TemplateLoader.findTemplateSource("spark/partials/exception_en_US.ftl"): Not found
DEBUG   17189   [freemark] (): TemplateLoader.findTemplateSource("spark/partials/exception_en.ftl"): Not found
DEBUG   17189   [freemark] (): TemplateLoader.findTemplateSource("spark/partials/exception.ftl"): Found
DEBUG   17189   [freemark] (): "spark/partials/exception.ftl"("en_US", UTF-8, parsed): using cached since jar:file:/Users/trungtn/.m2/repository/com/aventstack/extentreports/5.0.8/extentreports-5.0.8.jar!/com/aventstack/extentreports/templates/spark/partials/exception.ftl hasn't changed.
DEBUG   17189   [freemark] (): TemplateLoader.findTemplateSource("spark/partials/category_en_US.ftl"): Not found
DEBUG   17189   [freemark] (): TemplateLoader.findTemplateSource("spark/partials/category_en.ftl"): Not found
DEBUG   17189   [freemark] (): TemplateLoader.findTemplateSource("spark/partials/category.ftl"): Found
DEBUG   17189   [freemark] (): "spark/partials/category.ftl"("en_US", UTF-8, parsed): using cached since jar:file:/Users/trungtn/.m2/repository/com/aventstack/extentreports/5.0.8/extentreports-5.0.8.jar!/com/aventstack/extentreports/templates/spark/partials/category.ftl hasn't changed.
DEBUG   17189   [freemark] (): TemplateLoader.findTemplateSource("spark/partials/device_en_US.ftl"): Not found
DEBUG   17189   [freemark] (): TemplateLoader.findTemplateSource("spark/partials/device_en.ftl"): Not found
DEBUG   17189   [freemark] (): TemplateLoader.findTemplateSource("spark/partials/device.ftl"): Found
DEBUG   17189   [freemark] (): "spark/partials/device.ftl"("en_US", UTF-8, parsed): using cached since jar:file:/Users/trungtn/.m2/repository/com/aventstack/extentreports/5.0.8/extentreports-5.0.8.jar!/com/aventstack/extentreports/templates/spark/partials/device.ftl hasn't changed.
DEBUG   17189   [freemark] (): TemplateLoader.findTemplateSource("spark/partials/author_en_US.ftl"): Not found
DEBUG   17189   [freemark] (): TemplateLoader.findTemplateSource("spark/partials/author_en.ftl"): Not found
DEBUG   17189   [freemark] (): TemplateLoader.findTemplateSource("spark/partials/author.ftl"): Found
DEBUG   17189   [freemark] (): "spark/partials/author.ftl"("en_US", UTF-8, parsed): using cached since jar:file:/Users/trungtn/.m2/repository/com/aventstack/extentreports/5.0.8/extentreports-5.0.8.jar!/com/aventstack/extentreports/templates/spark/partials/author.ftl hasn't changed.
DEBUG   17189   [freemark] (): TemplateLoader.findTemplateSource("spark/partials/log_en_US.ftl"): Not found
DEBUG   17189   [freemark] (): TemplateLoader.findTemplateSource("spark/partials/log_en.ftl"): Not found
DEBUG   17189   [freemark] (): TemplateLoader.findTemplateSource("spark/partials/log.ftl"): Found
DEBUG   17189   [freemark] (): "spark/partials/log.ftl"("en_US", UTF-8, parsed): using cached since jar:file:/Users/trungtn/.m2/repository/com/aventstack/extentreports/5.0.8/extentreports-5.0.8.jar!/com/aventstack/extentreports/templates/spark/partials/log.ftl hasn't changed.
DEBUG   17189   [freemark] (): TemplateLoader.findTemplateSource("spark/partials/dashboard_en_US.ftl"): Not found
DEBUG   17189   [freemark] (): TemplateLoader.findTemplateSource("spark/partials/dashboard_en.ftl"): Not found
DEBUG   17189   [freemark] (): TemplateLoader.findTemplateSource("spark/partials/dashboard.ftl"): Found
DEBUG   17189   [freemark] (): "spark/partials/dashboard.ftl"("en_US", UTF-8, parsed): using cached since jar:file:/Users/trungtn/.m2/repository/com/aventstack/extentreports/5.0.8/extentreports-5.0.8.jar!/com/aventstack/extentreports/templates/spark/partials/dashboard.ftl hasn't changed.
DEBUG   17189   [freemark] (): TemplateLoader.findTemplateSource("spark/partials/scripts_en_US.ftl"): Not found
DEBUG   17189   [freemark] (): TemplateLoader.findTemplateSource("spark/partials/scripts_en.ftl"): Not found
DEBUG   17189   [freemark] (): TemplateLoader.findTemplateSource("spark/partials/scripts.ftl"): Found
DEBUG   17189   [freemark] (): "spark/partials/scripts.ftl"("en_US", UTF-8, parsed): using cached since jar:file:/Users/trungtn/.m2/repository/com/aventstack/extentreports/5.0.8/extentreports-5.0.8.jar!/com/aventstack/extentreports/templates/spark/partials/scripts.ftl hasn't changed.
DEBUG   17189   [freemark] (): TemplateLoader.findTemplateSource("commons/commons-inject-js_en_US.ftl"): Not found
DEBUG   17189   [freemark] (): TemplateLoader.findTemplateSource("commons/commons-inject-js_en.ftl"): Not found
DEBUG   17189   [freemark] (): TemplateLoader.findTemplateSource("commons/commons-inject-js.ftl"): Found
DEBUG   17189   [freemark] (): "commons/commons-inject-js.ftl"("en_US", UTF-8, parsed): using cached since jar:file:/Users/trungtn/.m2/repository/com/aventstack/extentreports/5.0.8/extentreports-5.0.8.jar!/com/aventstack/extentreports/templates/commons/commons-inject-js.ftl hasn't changed.
]]></system-out>
    <system-err><![CDATA[Jun 21, 2024 4:20:55 PM org.openqa.selenium.remote.ErrorCodes toStatus
INFO: HTTP Status: '408' -> incorrect JSON status mapping for 'timeout' (500 expected)
]]></system-err>
  </testcase>
  <testcase name="User_02_Login[public void com.nopcommerce.account.Level_18_ExtentReportV5.User_02_Login(java.lang.reflect.Method)](1)" classname="com.nopcommerce.account.Level_18_ExtentReportV5" time="2.259"/>
  <testcase name="User_02_Login[public void com.nopcommerce.account.Level_18_ExtentReportV5.User_02_Login(java.lang.reflect.Method)](1)" classname="com.nopcommerce.account.Level_18_ExtentReportV5" time="2.363"/>
  <testcase name="User_02_Login[public void com.nopcommerce.account.Level_18_ExtentReportV5.User_02_Login(java.lang.reflect.Method)](1)" classname="com.nopcommerce.account.Level_18_ExtentReportV5" time="2.198"/>
  <testcase name="User_02_Login[public void com.nopcommerce.account.Level_18_ExtentReportV5.User_02_Login(java.lang.reflect.Method)](1)" classname="com.nopcommerce.account.Level_18_ExtentReportV5" time="30.346">
    <failure message="Expected condition failed: waiting for element to be clickable: By.className: ico-logout (tried for 30 second(s) with 500 milliseconds interval)&#10;Build info: version: &apos;4.16.1&apos;, revision: &apos;9b4c83354e&apos;&#10;System info: os.name: &apos;Mac OS X&apos;, os.arch: &apos;aarch64&apos;, os.version: &apos;14.5&apos;, java.version: &apos;11.0.16&apos;&#10;Driver info: org.openqa.selenium.safari.SafariDriver&#10;Capabilities {acceptInsecureCerts: false, browserName: Safari, browserVersion: 17.5, platformName: mac, safari:automaticInspection: false, safari:automaticProfiling: false, safari:diagnose: false, safari:platformBuildVersion: 23F79, safari:platformVersion: 14.5, safari:useSimulator: false, setWindowRect: true, strictFileInteractability: false, webkit:WebRTC: {DisableICECandidateFiltering: false, DisableInsecureMediaCapture: false}}&#10;Session ID: B8169754-8B07-4C60-937D-112D8F4D80BC" type="org.openqa.selenium.TimeoutException"><![CDATA[org.openqa.selenium.TimeoutException: 
Expected condition failed: waiting for element to be clickable: By.className: ico-logout (tried for 30 second(s) with 500 milliseconds interval)
Build info: version: '4.16.1', revision: '9b4c83354e'
System info: os.name: 'Mac OS X', os.arch: 'aarch64', os.version: '14.5', java.version: '11.0.16'
Driver info: org.openqa.selenium.safari.SafariDriver
Capabilities {acceptInsecureCerts: false, browserName: Safari, browserVersion: 17.5, platformName: mac, safari:automaticInspection: false, safari:automaticProfiling: false, safari:diagnose: false, safari:platformBuildVersion: 23F79, safari:platformVersion: 14.5, safari:useSimulator: false, setWindowRect: true, strictFileInteractability: false, webkit:WebRTC: {DisableICECandidateFiltering: false, DisableInsecureMediaCapture: false}}
Session ID: B8169754-8B07-4C60-937D-112D8F4D80BC
	at org.openqa.selenium.support.ui.WebDriverWait.timeoutException(WebDriverWait.java:84)
	at org.openqa.selenium.support.ui.FluentWait.until(FluentWait.java:229)
	at commons.BasePage.waitForElementClickable(BasePage.java:508)
	at commons.BasePage.clickToLogoutLinkAtUserPage(BasePage.java:559)
	at com.nopcommerce.account.Level_18_ExtentReportV5.User_02_Login(Level_18_ExtentReportV5.java:78)
	at java.base/jdk.internal.reflect.NativeMethodAccessorImpl.invoke0(Native Method)
	at java.base/jdk.internal.reflect.NativeMethodAccessorImpl.invoke(NativeMethodAccessorImpl.java:62)
	at java.base/jdk.internal.reflect.DelegatingMethodAccessorImpl.invoke(DelegatingMethodAccessorImpl.java:43)
	at java.base/java.lang.reflect.Method.invoke(Method.java:566)
	at org.testng.internal.MethodInvocationHelper.invokeMethod(MethodInvocationHelper.java:124)
	at org.testng.internal.Invoker.invokeMethod(Invoker.java:583)
	at org.testng.internal.Invoker.invokeTestMethod(Invoker.java:719)
	at org.testng.internal.Invoker.invokeTestMethods(Invoker.java:989)
	at org.testng.internal.TestMethodWorker.invokeTestMethods(TestMethodWorker.java:125)
	at org.testng.internal.TestMethodWorker.run(TestMethodWorker.java:109)
	at org.testng.TestRunner.privateRun(TestRunner.java:648)
	at org.testng.TestRunner.run(TestRunner.java:505)
	at org.testng.SuiteRunner.runTest(SuiteRunner.java:455)
	at org.testng.SuiteRunner.runSequentially(SuiteRunner.java:450)
	at org.testng.SuiteRunner.privateRun(SuiteRunner.java:415)
	at org.testng.SuiteRunner.run(SuiteRunner.java:364)
	at org.testng.SuiteRunnerWorker.runSuite(SuiteRunnerWorker.java:52)
	at org.testng.SuiteRunnerWorker.run(SuiteRunnerWorker.java:84)
	at org.testng.TestNG.runSuitesSequentially(TestNG.java:1208)
	at org.testng.TestNG.runSuitesLocally(TestNG.java:1137)
	at org.testng.TestNG.runSuites(TestNG.java:1049)
	at org.testng.TestNG.run(TestNG.java:1017)
	at org.apache.maven.surefire.testng.TestNGExecutor.run(TestNGExecutor.java:308)
	at org.apache.maven.surefire.testng.TestNGXmlTestSuite.execute(TestNGXmlTestSuite.java:71)
	at org.apache.maven.surefire.testng.TestNGProvider.invoke(TestNGProvider.java:113)
	at org.apache.maven.surefire.booter.ForkedBooter.runSuitesInProcess(ForkedBooter.java:385)
	at org.apache.maven.surefire.booter.ForkedBooter.execute(ForkedBooter.java:162)
	at org.apache.maven.surefire.booter.ForkedBooter.run(ForkedBooter.java:507)
	at org.apache.maven.surefire.booter.ForkedBooter.main(ForkedBooter.java:495)
]]></failure>
  </testcase>
</testsuite>