<?xml version="1.0" encoding="UTF-8"?>
<testng-results ignored="0" total="3" passed="0" failed="0" skipped="3">
  <reporter-output>
  </reporter-output>
  <suite started-at="2024-10-09T10:08:29Z" name="NopCommerce" finished-at="2024-10-09T10:08:30Z" duration-ms="884">
    <groups>
    </groups>
    <test started-at="2024-10-09T10:08:29Z" name="Run on Chrome-2" finished-at="2024-10-09T10:08:30Z" duration-ms="884">
      <class name="com.nopcommerce.account.Level_31_Environment_Java_Properties">
        <test-method is-config="true" signature="deleteFileInReport()[pri:0, instance:com.nopcommerce.account.Level_31_Environment_Java_Properties@57ac236a]" started-at="2024-10-09T10:08:29Z" name="deleteFileInReport" finished-at="2024-10-09T10:08:29Z" duration-ms="42" status="FAIL">
          <exception class="java.lang.NullPointerException">
            <full-stacktrace>
              <![CDATA[java.lang.NullPointerException
at com.browserstack.utils.LogReportingAPI.print(Unknown Source)
at commons.BaseTest.deleteAllFileInFolder(BaseTest.java:264)
at commons.BaseTest.deleteFileInReport(BaseTest.java:245)
at java.base/jdk.internal.reflect.NativeMethodAccessorImpl.invoke0(Native Method)
at java.base/jdk.internal.reflect.NativeMethodAccessorImpl.invoke(NativeMethodAccessorImpl.java:62)
at java.base/jdk.internal.reflect.DelegatingMethodAccessorImpl.invoke(DelegatingMethodAccessorImpl.java:43)
at java.base/java.lang.reflect.Method.invoke(Method.java:566)
at org.testng.internal.MethodInvocationHelper.invokeMethod(MethodInvocationHelper.java:124)
at org.testng.internal.MethodInvocationHelper.invokeMethodConsideringTimeout(MethodInvocationHelper.java:59)
at org.testng.internal.Invoker.invokeConfigurationMethod(Invoker.java:458)
at org.testng.internal.Invoker.invokeConfigurations(Invoker.java:222)
at org.testng.internal.Invoker.invokeConfigurations(Invoker.java:142)
at org.testng.SuiteRunner.privateRun(SuiteRunner.java:401)
at org.testng.SuiteRunner.run(SuiteRunner.java:364)
at org.testng.SuiteRunnerWorker.runSuite(SuiteRunnerWorker.java:52)
at org.testng.SuiteRunnerWorker.run(SuiteRunnerWorker.java:84)
at org.testng.TestNG.runSuitesSequentially(TestNG.java:1208)
at org.testng.TestNG.runSuitesLocally(TestNG.java:1137)
at org.testng.TestNG.runSuites(TestNG.java:1049)
at org.testng.TestNG.run(TestNG.java:1017)
at org.apache.maven.surefire.testng.TestNGExecutor.run(TestNGExecutor.java:308)
at org.apache.maven.surefire.testng.TestNGXmlTestSuite.execute(TestNGXmlTestSuite.java:71)
at org.apache.maven.surefire.testng.TestNGProvider.invoke(TestNGProvider.java:113)
at org.apache.maven.surefire.booter.ForkedBooter.runSuitesInProcess(ForkedBooter.java:385)
at org.apache.maven.surefire.booter.ForkedBooter.execute(ForkedBooter.java:162)
at org.apache.maven.surefire.booter.ForkedBooter.run(ForkedBooter.java:507)
at org.apache.maven.surefire.booter.ForkedBooter.main(ForkedBooter.java:495)
]]>
            </full-stacktrace>
          </exception> <!-- java.lang.NullPointerException -->
          <reporter-output>
          </reporter-output>
        </test-method> <!-- deleteFileInReport -->
        <test-method signature="Search_01_shouldBeSearchByEmptyData(java.lang.reflect.Method)[pri:0, instance:com.nopcommerce.account.Level_31_Environment_Java_Properties@57ac236a]" started-at="2024-10-09T10:08:29Z" name="Search_01_shouldBeSearchByEmptyData" finished-at="2024-10-09T10:08:29Z" duration-ms="0" status="SKIP">
          <exception class="java.lang.NullPointerException">
            <full-stacktrace>
              <![CDATA[java.lang.NullPointerException
at com.browserstack.utils.LogReportingAPI.print(Unknown Source)
at commons.BaseTest.deleteAllFileInFolder(BaseTest.java:264)
at commons.BaseTest.deleteFileInReport(BaseTest.java:245)
at java.base/jdk.internal.reflect.NativeMethodAccessorImpl.invoke0(Native Method)
at java.base/jdk.internal.reflect.NativeMethodAccessorImpl.invoke(NativeMethodAccessorImpl.java:62)
at java.base/jdk.internal.reflect.DelegatingMethodAccessorImpl.invoke(DelegatingMethodAccessorImpl.java:43)
at java.base/java.lang.reflect.Method.invoke(Method.java:566)
at org.testng.internal.MethodInvocationHelper.invokeMethod(MethodInvocationHelper.java:124)
at org.testng.internal.MethodInvocationHelper.invokeMethodConsideringTimeout(MethodInvocationHelper.java:59)
at org.testng.internal.Invoker.invokeConfigurationMethod(Invoker.java:458)
at org.testng.internal.Invoker.invokeConfigurations(Invoker.java:222)
at org.testng.internal.Invoker.invokeConfigurations(Invoker.java:142)
at org.testng.SuiteRunner.privateRun(SuiteRunner.java:401)
at org.testng.SuiteRunner.run(SuiteRunner.java:364)
at org.testng.SuiteRunnerWorker.runSuite(SuiteRunnerWorker.java:52)
at org.testng.SuiteRunnerWorker.run(SuiteRunnerWorker.java:84)
at org.testng.TestNG.runSuitesSequentially(TestNG.java:1208)
at org.testng.TestNG.runSuitesLocally(TestNG.java:1137)
at org.testng.TestNG.runSuites(TestNG.java:1049)
at org.testng.TestNG.run(TestNG.java:1017)
at org.apache.maven.surefire.testng.TestNGExecutor.run(TestNGExecutor.java:308)
at org.apache.maven.surefire.testng.TestNGXmlTestSuite.execute(TestNGXmlTestSuite.java:71)
at org.apache.maven.surefire.testng.TestNGProvider.invoke(TestNGProvider.java:113)
at org.apache.maven.surefire.booter.ForkedBooter.runSuitesInProcess(ForkedBooter.java:385)
at org.apache.maven.surefire.booter.ForkedBooter.execute(ForkedBooter.java:162)
at org.apache.maven.surefire.booter.ForkedBooter.run(ForkedBooter.java:507)
at org.apache.maven.surefire.booter.ForkedBooter.main(ForkedBooter.java:495)
]]>
            </full-stacktrace>
          </exception> <!-- java.lang.NullPointerException -->
          <reporter-output>
          </reporter-output>
        </test-method> <!-- Search_01_shouldBeSearchByEmptyData -->
        <test-method is-config="true" signature="beforeMethod(java.lang.String, java.lang.String)[pri:0, instance:com.nopcommerce.account.Level_31_Environment_Java_Properties@57ac236a]" started-at="2024-10-09T10:08:29Z" name="beforeMethod" finished-at="2024-10-09T10:08:29Z" duration-ms="0" status="SKIP">
          <reporter-output>
          </reporter-output>
        </test-method> <!-- beforeMethod -->
        <test-method is-config="true" signature="afterMethod()[pri:0, instance:com.nopcommerce.account.Level_31_Environment_Java_Properties@57ac236a]" started-at="2024-10-09T10:08:30Z" name="afterMethod" finished-at="2024-10-09T10:08:30Z" duration-ms="0" status="SKIP">
          <reporter-output>
          </reporter-output>
        </test-method> <!-- afterMethod -->
      </class> <!-- com.nopcommerce.account.Level_31_Environment_Java_Properties -->
    </test> <!-- Run on Chrome-2 -->
    <test started-at="2024-10-09T10:08:29Z" name="Run on Chrome-0" finished-at="2024-10-09T10:08:30Z" duration-ms="884">
      <class name="com.nopcommerce.account.Level_31_Environment_Java_Properties">
        <test-method signature="Search_01_shouldBeSearchByEmptyData(java.lang.reflect.Method)[pri:0, instance:com.nopcommerce.account.Level_31_Environment_Java_Properties@1e965426]" started-at="2024-10-09T10:08:29Z" name="Search_01_shouldBeSearchByEmptyData" finished-at="2024-10-09T10:08:29Z" duration-ms="0" status="SKIP">
          <reporter-output>
          </reporter-output>
        </test-method> <!-- Search_01_shouldBeSearchByEmptyData -->
        <test-method is-config="true" signature="beforeMethod(java.lang.String, java.lang.String)[pri:0, instance:com.nopcommerce.account.Level_31_Environment_Java_Properties@1e965426]" started-at="2024-10-09T10:08:29Z" name="beforeMethod" finished-at="2024-10-09T10:08:29Z" duration-ms="0" status="SKIP">
          <reporter-output>
          </reporter-output>
        </test-method> <!-- beforeMethod -->
        <test-method is-config="true" signature="afterMethod()[pri:0, instance:com.nopcommerce.account.Level_31_Environment_Java_Properties@1e965426]" started-at="2024-10-09T10:08:30Z" name="afterMethod" finished-at="2024-10-09T10:08:30Z" duration-ms="0" status="SKIP">
          <reporter-output>
          </reporter-output>
        </test-method> <!-- afterMethod -->
      </class> <!-- com.nopcommerce.account.Level_31_Environment_Java_Properties -->
    </test> <!-- Run on Chrome-0 -->
    <test started-at="2024-10-09T10:08:29Z" name="Run on Chrome-1" finished-at="2024-10-09T10:08:30Z" duration-ms="883">
      <class name="com.nopcommerce.account.Level_31_Environment_Java_Properties">
        <test-method is-config="true" signature="beforeMethod(java.lang.String, java.lang.String)[pri:0, instance:com.nopcommerce.account.Level_31_Environment_Java_Properties@322eb1a]" started-at="2024-10-09T10:08:29Z" name="beforeMethod" finished-at="2024-10-09T10:08:29Z" duration-ms="0" status="SKIP">
          <reporter-output>
          </reporter-output>
        </test-method> <!-- beforeMethod -->
        <test-method signature="Search_01_shouldBeSearchByEmptyData(java.lang.reflect.Method)[pri:0, instance:com.nopcommerce.account.Level_31_Environment_Java_Properties@322eb1a]" started-at="2024-10-09T10:08:29Z" name="Search_01_shouldBeSearchByEmptyData" finished-at="2024-10-09T10:08:29Z" duration-ms="0" status="SKIP">
          <reporter-output>
          </reporter-output>
        </test-method> <!-- Search_01_shouldBeSearchByEmptyData -->
        <test-method is-config="true" signature="afterMethod()[pri:0, instance:com.nopcommerce.account.Level_31_Environment_Java_Properties@322eb1a]" started-at="2024-10-09T10:08:30Z" name="afterMethod" finished-at="2024-10-09T10:08:30Z" duration-ms="0" status="SKIP">
          <reporter-output>
          </reporter-output>
        </test-method> <!-- afterMethod -->
      </class> <!-- com.nopcommerce.account.Level_31_Environment_Java_Properties -->
    </test> <!-- Run on Chrome-1 -->
  </suite> <!-- NopCommerce -->
</testng-results>
