<?xml version="1.0" encoding="UTF-8"?>
<testsuite xmlns:xsi="http://www.w3.org/2001/XMLSchema-instance" xsi:noNamespaceSchemaLocation="https://maven.apache.org/surefire/maven-surefire-plugin/xsd/surefire-test-report-3.0.xsd" version="3.0" name="TestSuite" time="1.851" tests="10" errors="0" skipped="9" failures="1">
  <properties>
[...]
</properties>
  <testcase name="deleteFileInReport" classname="com.nopcommerce.account.Level_31_Environment_Java_Properties" time="0.849">
    <failure type="java.lang.NullPointerException"><![CDATA[java.lang.NullPointerException
	at com.browserstack.utils.LogReportingAPI.print(Unknown Source)
	at commons.BaseTest.deleteAllFileInFolder(BaseTest.java:264)
	at commons.BaseTest.deleteFileInReport(BaseTest.java:245)
	at java.base/jdk.internal.reflect.NativeMethodAccessorImpl.invoke0(Native Method)
	at java.base/jdk.internal.reflect.NativeMethodAccessorImpl.invoke(NativeMethodAccessorImpl.java:62)
	at java.base/jdk.internal.reflect.DelegatingMethodAccessorImpl.invoke(DelegatingMethodAccessorImpl.java:43)
	at java.base/java.lang.reflect.Method.invoke(Method.java:566)
	at org.testng.internal.MethodInvocationHelper.invokeMethod(MethodInvocationHelper.java:124)
	at org.testng.internal.MethodInvocationHelper.invokeMethodConsideringTimeout(MethodInvocationHelper.java:59)
	at org.testng.internal.Invoker.invokeConfigurationMethod(Invoker.java:458)
	at org.testng.internal.Invoker.invokeConfigurations(Invoker.java:222)
	at org.testng.internal.Invoker.invokeConfigurations(Invoker.java:142)
	at org.testng.SuiteRunner.privateRun(SuiteRunner.java:401)
	at org.testng.SuiteRunner.run(SuiteRunner.java:364)
	at org.testng.SuiteRunnerWorker.runSuite(SuiteRunnerWorker.java:52)
	at org.testng.SuiteRunnerWorker.run(SuiteRunnerWorker.java:84)
	at org.testng.TestNG.runSuitesSequentially(TestNG.java:1208)
	at org.testng.TestNG.runSuitesLocally(TestNG.java:1137)
	at org.testng.TestNG.runSuites(TestNG.java:1049)
	at org.testng.TestNG.run(TestNG.java:1017)
	at org.apache.maven.surefire.testng.TestNGExecutor.run(TestNGExecutor.java:308)
	at org.apache.maven.surefire.testng.TestNGXmlTestSuite.execute(TestNGXmlTestSuite.java:71)
	at org.apache.maven.surefire.testng.TestNGProvider.invoke(TestNGProvider.java:113)
	at org.apache.maven.surefire.booter.ForkedBooter.runSuitesInProcess(ForkedBooter.java:385)
	at org.apache.maven.surefire.booter.ForkedBooter.execute(ForkedBooter.java:162)
	at org.apache.maven.surefire.booter.ForkedBooter.run(ForkedBooter.java:507)
	at org.apache.maven.surefire.booter.ForkedBooter.main(ForkedBooter.java:495)
]]></failure>
    <system-err><![CDATA[SLF4J: Failed to load class "org.slf4j.impl.StaticLoggerBinder".
SLF4J: Defaulting to no-operation (NOP) logger implementation
SLF4J: See http://www.slf4j.org/codes.html#StaticLoggerBinder for further details.
]]></system-err>
  </testcase>
  <testcase name="beforeMethod" classname="com.nopcommerce.account.Level_31_Environment_Java_Properties" time="0.0">
    <skipped/>
  </testcase>
  <testcase name="beforeMethod" classname="com.nopcommerce.account.Level_31_Environment_Java_Properties" time="0.0">
    <skipped/>
  </testcase>
  <testcase name="beforeMethod" classname="com.nopcommerce.account.Level_31_Environment_Java_Properties" time="0.0">
    <skipped/>
  </testcase>
  <testcase name="Search_01_shouldBeSearchByEmptyData" classname="com.nopcommerce.account.Level_31_Environment_Java_Properties" time="0.0">
    <skipped/>
  </testcase>
  <testcase name="Search_01_shouldBeSearchByEmptyData" classname="com.nopcommerce.account.Level_31_Environment_Java_Properties" time="0.0">
    <skipped/>
  </testcase>
  <testcase name="Search_01_shouldBeSearchByEmptyData" classname="com.nopcommerce.account.Level_31_Environment_Java_Properties" time="0.0">
    <skipped/>
  </testcase>
  <testcase name="afterMethod" classname="com.nopcommerce.account.Level_31_Environment_Java_Properties" time="0.0">
    <skipped/>
  </testcase>
  <testcase name="afterMethod" classname="com.nopcommerce.account.Level_31_Environment_Java_Properties" time="0.0">
    <skipped/>
  </testcase>
  <testcase name="afterMethod" classname="com.nopcommerce.account.Level_31_Environment_Java_Properties" time="0.0">
    <skipped/>
  </testcase>
</testsuite>