<?xml version="1.0" encoding="UTF-8"?>
<!-- Generated by org.testng.reporters.JUnitXMLReporter -->
<testsuite ignored="0" hostname="Nguyens-MacBook-Pro.local" failures="0" tests="1" name="Run on Chrome-2" time="0.884" errors="0" timestamp="09 Oct 2024 10:08:30 GMT">
  <testcase classname="commons.BaseTest" name="@BeforeSuite deleteFileInReport" time="0.042">
    <failure type="java.lang.NullPointerException">
      <![CDATA[java.lang.NullPointerException
at com.browserstack.utils.LogReportingAPI.print(Unknown Source)
at commons.BaseTest.deleteAllFileInFolder(BaseTest.java:264)
at commons.BaseTest.deleteFileInReport(BaseTest.java:245)
... Removed 24 stack frames]]>
    </failure>
  </testcase> <!-- @BeforeSuite deleteFileInReport -->
  <testcase classname="com.nopcommerce.account.Level_31_Environment_Java_Properties" name="@BeforeMethod beforeMethod" time="0.0">
    <skipped/>
  </testcase> <!-- @BeforeMethod beforeMethod -->
  <testcase classname="com.nopcommerce.account.Level_31_Environment_Java_Properties" name="@AfterMethod afterMethod" time="0.0">
    <skipped/>
  </testcase> <!-- @AfterMethod afterMethod -->
  <testcase classname="com.nopcommerce.account.Level_31_Environment_Java_Properties" name="Search_01_shouldBeSearchByEmptyData" time="0.0">
    <skipped/>
  </testcase> <!-- Search_01_shouldBeSearchByEmptyData -->
</testsuite> <!-- Run on Chrome-2 -->
