<?xml version="1.0" encoding="UTF-8"?>
<!-- Generated by org.testng.reporters.JUnitXMLReporter -->
<testsuite ignored="0" hostname="Nguyens-MacBook-Pro.local" failures="0" tests="1" name="Run on Chrome-0" time="0.884" errors="0" timestamp="09 Oct 2024 10:08:30 GMT">
  <testcase classname="com.nopcommerce.account.Level_31_Environment_Java_Properties" name="@BeforeMethod beforeMethod" time="0.0">
    <skipped/>
  </testcase> <!-- @BeforeMethod beforeMethod -->
  <testcase classname="com.nopcommerce.account.Level_31_Environment_Java_Properties" name="@BeforeMethod beforeMethod" time="0.0">
    <skipped/>
  </testcase> <!-- @BeforeMethod beforeMethod -->
  <testcase classname="com.nopcommerce.account.Level_31_Environment_Java_Properties" name="@AfterMethod afterMethod" time="0.0">
    <skipped/>
  </testcase> <!-- @AfterMethod afterMethod -->
  <testcase classname="com.nopcommerce.account.Level_31_Environment_Java_Properties" name="@AfterMethod afterMethod" time="0.0">
    <skipped/>
  </testcase> <!-- @AfterMethod afterMethod -->
  <testcase classname="com.nopcommerce.account.Level_31_Environment_Java_Properties" name="Search_01_shouldBeSearchByEmptyData" time="0.0">
    <skipped/>
  </testcase> <!-- Search_01_shouldBeSearchByEmptyData -->
</testsuite> <!-- Run on Chrome-0 -->
