<?xml version="1.0" encoding="UTF-8"?>
<!-- Generated by org.testng.reporters.JUnitXMLReporter -->
<testsuite ignored="0" hostname="MacBook-Pro-cua-Nguyen.local" failures="0" tests="2" name="Run on Chrome" time="7.961" errors="0" timestamp="21 Jun 2024 09:20:02 GMT">
  <testcase classname="com.nopcommerce.account.Level_18_ExtentReportV5" name="User_01_Register" time="1.845"/>
  <testcase classname="com.nopcommerce.account.Level_18_ExtentReportV5" name="User_02_Login" time="2.26"/>
</testsuite> <!-- Run on Chrome -->
