<?xml version="1.0" encoding="UTF-8"?>
<!-- Generated by org.testng.reporters.JUnitXMLReporter -->
<testsuite ignored="0" hostname="MacBook-Pro-cua-Nguyen.local" failures="0" tests="2" name="Run on Firefox" time="10.195" errors="0" timestamp="21 Jun 2024 09:20:13 GMT">
  <testcase classname="com.nopcommerce.account.Level_18_ExtentReportV5" name="User_01_Register" time="1.925"/>
  <testcase classname="com.nopcommerce.account.Level_18_ExtentReportV5" name="User_02_Login" time="2.362"/>
</testsuite> <!-- Run on Firefox -->
