<?xml version="1.0" encoding="UTF-8"?>
<testsuite name="Run on Chrome-2"
           tests="4"
           failures="1"
           errors="0"
           skipped="3"
           time="0.042">
  <properties />
            <testcase name="deleteFileInReport" time="0.042" classname="com.nopcommerce.account.Level_31_Environment_Java_Properties">
                <failure type="java.lang.NullPointerException"
                  message="(null)"
              >
<![CDATA[java.lang.NullPointerException
  com.browserstack.utils.LogReportingAPI.print(Unknown Source)
  commons.BaseTest.deleteAllFileInFolder(BaseTest.java:264)
  commons.BaseTest.deleteFileInReport(BaseTest.java:245)
  java.base/jdk.internal.reflect.NativeMethodAccessorImpl.invoke0(Native Method)
  java.base/jdk.internal.reflect.NativeMethodAccessorImpl.invoke(NativeMethodAccessorImpl.java:62)
  java.base/jdk.internal.reflect.DelegatingMethodAccessorImpl.invoke(DelegatingMethodAccessorImpl.java:43)
  java.base/java.lang.reflect.Method.invoke(Method.java:566)
  org.testng.internal.MethodInvocationHelper.invokeMethod(MethodInvocationHelper.java:124)
  org.testng.internal.MethodInvocationHelper.invokeMethodConsideringTimeout(MethodInvocationHelper.java:59)
  org.testng.internal.Invoker.invokeConfigurationMethod(Invoker.java:458)
  org.testng.internal.Invoker.invokeConfigurations(Invoker.java:222)
  org.testng.internal.Invoker.invokeConfigurations(Invoker.java:142)
  org.testng.SuiteRunner.privateRun(SuiteRunner.java:401)
  org.testng.SuiteRunner.run(SuiteRunner.java:364)
  org.testng.SuiteRunnerWorker.runSuite(SuiteRunnerWorker.java:52)
  org.testng.SuiteRunnerWorker.run(SuiteRunnerWorker.java:84)
  org.testng.TestNG.runSuitesSequentially(TestNG.java:1208)
  org.testng.TestNG.runSuitesLocally(TestNG.java:1137)
  org.testng.TestNG.runSuites(TestNG.java:1049)
  org.testng.TestNG.run(TestNG.java:1017)
  org.apache.maven.surefire.testng.TestNGExecutor.run(TestNGExecutor.java:308)
  org.apache.maven.surefire.testng.TestNGXmlTestSuite.execute(TestNGXmlTestSuite.java:71)
  org.apache.maven.surefire.testng.TestNGProvider.invoke(TestNGProvider.java:113)
  org.apache.maven.surefire.booter.ForkedBooter.runSuitesInProcess(ForkedBooter.java:385)
  org.apache.maven.surefire.booter.ForkedBooter.execute(ForkedBooter.java:162)
  org.apache.maven.surefire.booter.ForkedBooter.run(ForkedBooter.java:507)
  org.apache.maven.surefire.booter.ForkedBooter.main(ForkedBooter.java:495)
]]>
      </failure>

          </testcase>
  
            <testcase name="afterMethod" time="0.0" classname="com.nopcommerce.account.Level_31_Environment_Java_Properties">
          <skipped />
    </testcase>
            <testcase name="beforeMethod" time="0.0" classname="com.nopcommerce.account.Level_31_Environment_Java_Properties">
          <skipped />
    </testcase>
            <testcase name="Search_01_shouldBeSearchByEmptyData" time="0.0" classname="com.nopcommerce.account.Level_31_Environment_Java_Properties">
          <skipped />
    </testcase>
  
  
</testsuite>
